<?xml version="1.0" encoding="UTF-8"?>
<testng-results ignored="0" total="1" passed="1" failed="0" skipped="0">
  <reporter-output>
  </reporter-output>
  <suite started-at="2021-07-05T21:26:04 IST" name="smokeTest" finished-at="2021-07-05T21:26:44 IST" duration-ms="40109">
    <groups>
    </groups>
    <test started-at="2021-07-05T21:26:04 IST" name="verifysearchfunctionality" finished-at="2021-07-05T21:26:44 IST" duration-ms="40109">
      <class name="com.ibibo.ibibo_hotels.tests.HotelHomePageTest">
        <test-method signature="verifySearchWithValidData()[pri:0, instance:com.ibibo.ibibo_hotels.tests.HotelHomePageTest@3745e5c6]" started-at="2021-07-05T21:26:04 IST" name="verifySearchWithValidData" finished-at="2021-07-05T21:26:44 IST" duration-ms="40079" status="PASS">
          <reporter-output>
          </reporter-output>
        </test-method> <!-- verifySearchWithValidData -->
      </class> <!-- com.ibibo.ibibo_hotels.tests.HotelHomePageTest -->
    </test> <!-- verifysearchfunctionality -->
  </suite> <!-- smokeTest -->
</testng-results>
