<?xml version="1.0" encoding="UTF-8"?>
<testng-results ignored="0" total="1" passed="1" failed="0" skipped="0">
  <reporter-output>
  </reporter-output>
  <suite started-at="2021-07-05T20:31:01 IST" name="Default suite" finished-at="2021-07-05T20:31:43 IST" duration-ms="42419">
    <groups>
    </groups>
    <test started-at="2021-07-05T20:31:01 IST" name="Default test" finished-at="2021-07-05T20:31:43 IST" duration-ms="42419">
      <class name="com.ibibo.ibibo_hotels.tests.HotelHomePageTest">
        <test-method signature="verifySearchWithValidData()[pri:0, instance:com.ibibo.ibibo_hotels.tests.HotelHomePageTest@4b14c583]" started-at="2021-07-05T20:31:01 IST" name="verifySearchWithValidData" finished-at="2021-07-05T20:31:43 IST" duration-ms="42379" status="PASS">
          <reporter-output>
          </reporter-output>
        </test-method> <!-- verifySearchWithValidData -->
      </class> <!-- com.ibibo.ibibo_hotels.tests.HotelHomePageTest -->
    </test> <!-- Default test -->
  </suite> <!-- Default suite -->
</testng-results>
